

============================== 2022-03-26 15:01:50.078992 | c3003fae-4bcc-48b1-b129-aa0921caeb52 ==============================
15:01:50.078992 [info ] [MainThread]: Running with dbt=1.0.4
15:01:50.081290 [debug] [MainThread]: running dbt with arguments Namespace(record_timing_info=None, debug=None, log_format=None, write_json=None, use_colors=None, printer_width=None, warn_error=None, version_check=None, partial_parse=None, single_threaded=False, use_experimental_parser=None, static_parser=None, profiles_dir='C:\\Users\\NehaNehru\\.dbt', send_anonymous_usage_stats=None, fail_fast=None, event_buffer_size=None, project_dir=None, profile=None, target=None, vars='{}', log_cache_events=False, project_name='dbt-tutorial', skip_profile_setup=False, defer=None, state=None, cls=<class 'dbt.task.init.InitTask'>, which='init', rpc_method=None)
15:01:50.081982 [debug] [MainThread]: Tracking: tracking
15:01:50.144346 [debug] [MainThread]: Sending event: {'category': 'dbt', 'action': 'invocation', 'label': 'start', 'context': [<snowplow_tracker.self_describing_json.SelfDescribingJson object at 0x0000020D7AE8A550>, <snowplow_tracker.self_describing_json.SelfDescribingJson object at 0x0000020D7AE8A790>, <snowplow_tracker.self_describing_json.SelfDescribingJson object at 0x0000020D7AE8A5E0>]}
15:02:11.940117 [debug] [MainThread]: Starter project path: C:\Users\NehaNehru\miniconda3\lib\site-packages\dbt\include\starter_project
15:07:49.290130 [info ] [MainThread]: Profile dbt_tutorial written to C:\Users\NehaNehru\.dbt\profiles.yml using target's profile_template.yml and your supplied values. Run 'dbt debug' to validate the connection.
15:07:49.290852 [info ] [MainThread]: 
Your new dbt project "dbt_tutorial" was created!

For more information on how to configure the profiles.yml file,
please consult the dbt documentation here:

  https://docs.getdbt.com/docs/configure-your-profile

One more thing:

Need help? Don't hesitate to reach out to us via GitHub issues or on Slack:

  https://community.getdbt.com/

Happy modeling!

15:07:49.292084 [debug] [MainThread]: Sending event: {'category': 'dbt', 'action': 'invocation', 'label': 'end', 'context': [<snowplow_tracker.self_describing_json.SelfDescribingJson object at 0x0000020D764ADE80>, <snowplow_tracker.self_describing_json.SelfDescribingJson object at 0x0000020D7AE0EE20>, <snowplow_tracker.self_describing_json.SelfDescribingJson object at 0x0000020D7AE61A60>]}


============================== 2022-03-26 15:52:42.273183 | 044d5a54-d743-49d0-b9f2-1b81c2f6520a ==============================
15:52:42.273183 [info ] [MainThread]: Running with dbt=1.0.4
15:52:42.275180 [debug] [MainThread]: running dbt with arguments Namespace(record_timing_info=None, debug=None, log_format=None, write_json=None, use_colors=None, printer_width=None, warn_error=None, version_check=None, partial_parse=None, single_threaded=False, use_experimental_parser=None, static_parser=None, profiles_dir='C:\\Users\\NehaNehru\\.dbt', send_anonymous_usage_stats=None, fail_fast=None, event_buffer_size=None, project_dir=None, profile=None, target=None, vars='{}', log_cache_events=False, config_dir=False, defer=None, state=None, cls=<class 'dbt.task.debug.DebugTask'>, which='debug', rpc_method=None)
15:52:42.275180 [debug] [MainThread]: Tracking: tracking
15:52:42.324969 [debug] [MainThread]: Sending event: {'category': 'dbt', 'action': 'invocation', 'label': 'start', 'context': [<snowplow_tracker.self_describing_json.SelfDescribingJson object at 0x0000020CC7AFD190>, <snowplow_tracker.self_describing_json.SelfDescribingJson object at 0x0000020CC7AFDB80>, <snowplow_tracker.self_describing_json.SelfDescribingJson object at 0x0000020CC7AFD2E0>]}
15:52:43.734875 [debug] [MainThread]: Executing "git --help"
15:52:43.812198 [debug] [MainThread]: STDOUT: "b"usage: git [--version] [--help] [-C <path>] [-c <name>=<value>]\n           [--exec-path[=<path>]] [--html-path] [--man-path] [--info-path]\n           [-p | --paginate | -P | --no-pager] [--no-replace-objects] [--bare]\n           [--git-dir=<path>] [--work-tree=<path>] [--namespace=<name>]\n           [--super-prefix=<path>] [--config-env=<name>=<envvar>]\n           <command> [<args>]\n\nThese are common Git commands used in various situations:\n\nstart a working area (see also: git help tutorial)\n   clone             Clone a repository into a new directory\n   init              Create an empty Git repository or reinitialize an existing one\n\nwork on the current change (see also: git help everyday)\n   add               Add file contents to the index\n   mv                Move or rename a file, a directory, or a symlink\n   restore           Restore working tree files\n   rm                Remove files from the working tree and from the index\n   sparse-checkout   Initialize and modify the sparse-checkout\n\nexamine the history and state (see also: git help revisions)\n   bisect            Use binary search to find the commit that introduced a bug\n   diff              Show changes between commits, commit and working tree, etc\n   grep              Print lines matching a pattern\n   log               Show commit logs\n   show              Show various types of objects\n   status            Show the working tree status\n\ngrow, mark and tweak your common history\n   branch            List, create, or delete branches\n   commit            Record changes to the repository\n   merge             Join two or more development histories together\n   rebase            Reapply commits on top of another base tip\n   reset             Reset current HEAD to the specified state\n   switch            Switch branches\n   tag               Create, list, delete or verify a tag object signed with GPG\n\ncollaborate (see also: git help workflows)\n   fetch             Download objects and refs from another repository\n   pull              Fetch from and integrate with another repository or a local branch\n   push              Update remote refs along with associated objects\n\n'git help -a' and 'git help -g' list available subcommands and some\nconcept guides. See 'git help <command>' or 'git help <concept>'\nto read about a specific subcommand or concept.\nSee 'git help git' for an overview of the system.\n""
15:52:43.813191 [debug] [MainThread]: STDERR: "b''"
15:52:43.820172 [debug] [MainThread]: Acquiring new bigquery connection "debug"
15:52:43.821169 [debug] [MainThread]: Opening a new connection, currently in state init
15:52:43.837779 [debug] [MainThread]: On debug: select 1 as id
15:52:45.421022 [debug] [MainThread]: Sending event: {'category': 'dbt', 'action': 'invocation', 'label': 'end', 'context': [<snowplow_tracker.self_describing_json.SelfDescribingJson object at 0x0000020CC581F490>, <snowplow_tracker.self_describing_json.SelfDescribingJson object at 0x0000020CC9701160>, <snowplow_tracker.self_describing_json.SelfDescribingJson object at 0x0000020CC9701820>]}
15:52:45.685863 [debug] [MainThread]: Connection 'debug' was properly closed.
